<?xml version="1.0" encoding="UTF-8"?>
<!-- Generated by org.testng.reporters.JUnitXMLReporter -->
<testsuite ignored="0" hostname="PRASHANT" failures="0" tests="5" name="AdminPage" time="15.014" errors="0" timestamp="2024-06-17T12:14:43 IST">
  <testcase classname="com.OHRM.TestCases.AdminPageTest" name="testLeftMenu" time="1.885"/>
  <testcase classname="com.OHRM.TestCases.AdminPageTest" name="validateAdminPage" time="0.01"/>
  <testcase classname="com.OHRM.TestCases.AdminPageTest" name="searchByUserName" time="2.729"/>
  <testcase classname="com.OHRM.TestCases.AdminPageTest" name="searchByUserRole" time="2.32"/>
  <testcase classname="com.OHRM.TestCases.AdminPageTest" name="searchByUserStatus" time="2.301"/>
</testsuite> <!-- AdminPage -->
